Determining if the pthread_create exist failed with the following output:
Change Dir: /home/nvidia/jetsonbot/build/CMakeFiles/CMakeTmp

Run Build Command:"/usr/bin/make" "cmTC_29867/fast"
/usr/bin/make -f CMakeFiles/cmTC_29867.dir/build.make CMakeFiles/cmTC_29867.dir/build
make[1]: Entering directory '/home/nvidia/jetsonbot/build/CMakeFiles/CMakeTmp'
Building C object CMakeFiles/cmTC_29867.dir/CheckSymbolExists.c.o
/usr/bin/cc     -o CMakeFiles/cmTC_29867.dir/CheckSymbolExists.c.o   -c /home/nvidia/jetsonbot/build/CMakeFiles/CMakeTmp/CheckSymbolExists.c
Linking C executable cmTC_29867
/usr/bin/cmake -E cmake_link_script CMakeFiles/cmTC_29867.dir/link.txt --verbose=1
/usr/bin/cc       CMakeFiles/cmTC_29867.dir/CheckSymbolExists.c.o  -o cmTC_29867 -rdynamic 
CMakeFiles/cmTC_29867.dir/CheckSymbolExists.c.o: In function `main':
CheckSymbolExists.c:(.text+0x14): undefined reference to `pthread_create'
CheckSymbolExists.c:(.text+0x18): undefined reference to `pthread_create'
collect2: error: ld returned 1 exit status
CMakeFiles/cmTC_29867.dir/build.make:97: recipe for target 'cmTC_29867' failed
make[1]: *** [cmTC_29867] Error 1
make[1]: Leaving directory '/home/nvidia/jetsonbot/build/CMakeFiles/CMakeTmp'
Makefile:126: recipe for target 'cmTC_29867/fast' failed
make: *** [cmTC_29867/fast] Error 2

File /home/nvidia/jetsonbot/build/CMakeFiles/CMakeTmp/CheckSymbolExists.c:
/* */
#include <pthread.h>

int main(int argc, char** argv)
{
  (void)argv;
#ifndef pthread_create
  return ((int*)(&pthread_create))[argc];
#else
  (void)argc;
  return 0;
#endif
}

Determining if the function pthread_create exists in the pthreads failed with the following output:
Change Dir: /home/nvidia/jetsonbot/build/CMakeFiles/CMakeTmp

Run Build Command:"/usr/bin/make" "cmTC_28c51/fast"
/usr/bin/make -f CMakeFiles/cmTC_28c51.dir/build.make CMakeFiles/cmTC_28c51.dir/build
make[1]: Entering directory '/home/nvidia/jetsonbot/build/CMakeFiles/CMakeTmp'
Building C object CMakeFiles/cmTC_28c51.dir/CheckFunctionExists.c.o
/usr/bin/cc    -DCHECK_FUNCTION_EXISTS=pthread_create   -o CMakeFiles/cmTC_28c51.dir/CheckFunctionExists.c.o   -c /usr/share/cmake-3.5/Modules/CheckFunctionExists.c
Linking C executable cmTC_28c51
/usr/bin/cmake -E cmake_link_script CMakeFiles/cmTC_28c51.dir/link.txt --verbose=1
/usr/bin/cc   -DCHECK_FUNCTION_EXISTS=pthread_create    CMakeFiles/cmTC_28c51.dir/CheckFunctionExists.c.o  -o cmTC_28c51 -rdynamic -lpthreads 
/usr/bin/ld: cannot find -lpthreads
collect2: error: ld returned 1 exit status
CMakeFiles/cmTC_28c51.dir/build.make:97: recipe for target 'cmTC_28c51' failed
make[1]: *** [cmTC_28c51] Error 1
make[1]: Leaving directory '/home/nvidia/jetsonbot/build/CMakeFiles/CMakeTmp'
Makefile:126: recipe for target 'cmTC_28c51/fast' failed
make: *** [cmTC_28c51/fast] Error 2


